<?xml version="1.0" encoding="UTF-8"?>
<testsuite xmlns:xsi="http://www.w3.org/2001/XMLSchema-instance" xsi:noNamespaceSchemaLocation="https://maven.apache.org/surefire/maven-surefire-plugin/xsd/surefire-test-report-3.0.xsd" version="3.0" name="TestSuite" time="274.271" tests="7" errors="0" skipped="0" failures="4">
  <properties>
[...]
</properties>
  <testcase name="loginTest" classname="com.inetbanking.testCases.TC_LoginTest_001" time="10.283">
    <failure message="expected [true] but found [false]" type="java.lang.AssertionError"><![CDATA[java.lang.AssertionError: expected [true] but found [false]
	at com.inetbanking.testCases.TC_LoginTest_001.loginTest(TC_LoginTest_001.java:46)
]]></failure>
    <system-out><![CDATA[ INFO [main] (TC_LoginTest_001.java:23)- URL is Open
 INFO [main] (TC_LoginTest_001.java:31)- Enter Username for Test Case1
 INFO [main] (TC_LoginTest_001.java:34)- Enter Password for Test Case1
Screenshot taken
]]></system-out>
    <system-err><![CDATA[Starting ChromeDriver 83.0.4103.39 (ccbf011cb2d2b19b506d844400483861342c20cd-refs/branch-heads/4103@{#416}) on port 21315
Only local connections are allowed.
Please see https://chromedriver.chromium.org/security-considerations for suggestions on keeping ChromeDriver safe.
ChromeDriver was started successfully.
Jul 24, 2020 10:19:01 AM org.openqa.selenium.remote.ProtocolHandshake createSession
INFO: Detected dialect: W3C
]]></system-err>
  </testcase>
  <testcase name="loginDDT[mngr26593, ishal!12](1)" classname="com.inetbanking.testCases.TC_LoginDDT_002" time="96.773">
    <system-out><![CDATA[ INFO [main] (TC_LoginDDT_002.java:23)- Enter Username for Test Case2
 INFO [main] (TC_LoginDDT_002.java:25)- Enter Password for Test Case2
 INFO [main] (TC_LoginDDT_002.java:42)- Login Test Case2 Passed
]]></system-out>
    <system-err><![CDATA[Starting ChromeDriver 83.0.4103.39 (ccbf011cb2d2b19b506d844400483861342c20cd-refs/branch-heads/4103@{#416}) on port 15444
Only local connections are allowed.
Please see https://chromedriver.chromium.org/security-considerations for suggestions on keeping ChromeDriver safe.
ChromeDriver was started successfully.
Jul 24, 2020 10:19:43 AM org.openqa.selenium.remote.ProtocolHandshake createSession
INFO: Detected dialect: W3C
]]></system-err>
  </testcase>
  <testcase name="loginDDT[mngr26594, ishal!12](2)" classname="com.inetbanking.testCases.TC_LoginDDT_002" time="6.502">
    <failure message="expected [true] but found [false]" type="java.lang.AssertionError"><![CDATA[java.lang.AssertionError: expected [true] but found [false]
	at com.inetbanking.testCases.TC_LoginDDT_002.loginDDT(TC_LoginDDT_002.java:34)
]]></failure>
    <system-out><![CDATA[ INFO [main] (TC_LoginDDT_002.java:23)- Enter Username for Test Case2
 INFO [main] (TC_LoginDDT_002.java:25)- Enter Password for Test Case2
]]></system-out>
  </testcase>
  <testcase name="loginDDT[mngr26595, ishal!13](3)" classname="com.inetbanking.testCases.TC_LoginDDT_002" time="6.32">
    <failure message="expected [true] but found [false]" type="java.lang.AssertionError"><![CDATA[java.lang.AssertionError: expected [true] but found [false]
	at com.inetbanking.testCases.TC_LoginDDT_002.loginDDT(TC_LoginDDT_002.java:34)
]]></failure>
    <system-out><![CDATA[ INFO [main] (TC_LoginDDT_002.java:23)- Enter Username for Test Case2
 INFO [main] (TC_LoginDDT_002.java:25)- Enter Password for Test Case2
]]></system-out>
  </testcase>
  <testcase name="loginDDT[mngr26593, ishal!12](4)" classname="com.inetbanking.testCases.TC_LoginDDT_002" time="12.46">
    <system-out><![CDATA[ INFO [main] (TC_LoginDDT_002.java:23)- Enter Username for Test Case2
 INFO [main] (TC_LoginDDT_002.java:25)- Enter Password for Test Case2
 INFO [main] (TC_LoginDDT_002.java:42)- Login Test Case2 Passed
]]></system-out>
  </testcase>
  <testcase name="loginDDT[mngr26596, ishal!12](5)" classname="com.inetbanking.testCases.TC_LoginDDT_002" time="7.376">
    <failure message="expected [true] but found [false]" type="java.lang.AssertionError"><![CDATA[java.lang.AssertionError: expected [true] but found [false]
	at com.inetbanking.testCases.TC_LoginDDT_002.loginDDT(TC_LoginDDT_002.java:34)
]]></failure>
    <system-out><![CDATA[ INFO [main] (TC_LoginDDT_002.java:23)- Enter Username for Test Case2
 INFO [main] (TC_LoginDDT_002.java:25)- Enter Password for Test Case2
]]></system-out>
  </testcase>
  <testcase name="addNewCustomer" classname="com.inetbanking.testCases.TC_AddCustomerTest_003" time="26.579">
    <system-out><![CDATA[ INFO [main] (TC_AddCustomerTest_003.java:21)- Enter User name for Test Case3
 INFO [main] (TC_AddCustomerTest_003.java:23)- Enter Passsword for Test Case3
 INFO [main] (TC_AddCustomerTest_003.java:32)- Providing Customer Details....
 INFO [main] (TC_AddCustomerTest_003.java:53)- Validation Started....
 INFO [main] (TC_AddCustomerTest_003.java:60)- Test Case3  passed....
]]></system-out>
    <system-err><![CDATA[Starting ChromeDriver 83.0.4103.39 (ccbf011cb2d2b19b506d844400483861342c20cd-refs/branch-heads/4103@{#416}) on port 1145
Only local connections are allowed.
Please see https://chromedriver.chromium.org/security-considerations for suggestions on keeping ChromeDriver safe.
ChromeDriver was started successfully.
Jul 24, 2020 10:22:34 AM org.openqa.selenium.remote.ProtocolHandshake createSession
INFO: Detected dialect: W3C
]]></system-err>
  </testcase>
</testsuite>